[1.150s] DEBUG:colcon:Command line arguments: ['/usr/bin/colcon', 'build']
[1.150s] DEBUG:colcon:Parsed command line arguments: Namespace(log_base=None, log_level=None, verb_name='build', build_base='build', install_base='install', merge_install=False, symlink_install=False, test_result_base=None, continue_on_error=False, executor='parallel', parallel_workers=4, event_handlers=None, ignore_user_meta=False, metas=['./colcon.meta'], base_paths=['.'], packages_ignore=None, packages_ignore_regex=None, paths=None, packages_up_to=None, packages_up_to_regex=None, packages_above=None, packages_above_and_dependencies=None, packages_above_depth=None, packages_select_by_dep=None, packages_skip_by_dep=None, packages_skip_up_to=None, packages_select_build_failed=False, packages_skip_build_finished=False, packages_select_test_failures=False, packages_skip_test_passed=False, packages_select=None, packages_skip=None, packages_select_regex=None, packages_skip_regex=None, packages_start=None, packages_end=None, cmake_args=None, cmake_target=None, cmake_target_skip_unavailable=False, cmake_clean_cache=False, cmake_clean_first=False, cmake_force_configure=False, ament_cmake_args=None, catkin_cmake_args=None, catkin_skip_building_tests=False, mixin_files=None, mixin=None, verb_parser=<colcon_mixin.mixin.mixin_argument.MixinArgumentDecorator object at 0x7f386dba6080>, verb_extension=<colcon_core.verb.build.BuildVerb object at 0x7f386dba4550>, main=<bound method BuildVerb.main of <colcon_core.verb.build.BuildVerb object at 0x7f386dba4550>>, mixin_verb=('build',))
[1.196s] Level 1:colcon.colcon_core.package_discovery:discover_packages(colcon_meta) check parameters
[1.197s] Level 1:colcon.colcon_core.package_discovery:discover_packages(recursive) check parameters
[1.197s] Level 1:colcon.colcon_core.package_discovery:discover_packages(ignore) check parameters
[1.197s] Level 1:colcon.colcon_core.package_discovery:discover_packages(path) check parameters
[1.197s] Level 1:colcon.colcon_core.package_discovery:discover_packages(colcon_meta) discover
[1.197s] Level 1:colcon.colcon_core.package_discovery:discover_packages(recursive) discover
[1.197s] INFO:colcon.colcon_core.package_discovery:Crawling recursively for packages in '/home/robot/ros_ws/src/r2e_demos/r2e_demos'
[1.197s] Level 1:colcon.colcon_core.package_identification:_identify(.) by extensions ['ignore', 'ignore_ament_install']
[1.197s] Level 1:colcon.colcon_core.package_identification:_identify(.) by extension 'ignore'
[1.197s] Level 1:colcon.colcon_core.package_identification:_identify(.) by extension 'ignore_ament_install'
[1.197s] Level 1:colcon.colcon_core.package_identification:_identify(.) by extensions ['colcon_pkg']
[1.197s] Level 1:colcon.colcon_core.package_identification:_identify(.) by extension 'colcon_pkg'
[1.197s] Level 1:colcon.colcon_core.package_identification:_identify(.) by extensions ['colcon_meta']
[1.197s] Level 1:colcon.colcon_core.package_identification:_identify(.) by extension 'colcon_meta'
[1.197s] Level 1:colcon.colcon_core.package_identification:_identify(.) by extensions ['ros']
[1.197s] Level 1:colcon.colcon_core.package_identification:_identify(.) by extension 'ros'
[1.208s] Level 1:colcon.colcon_core.package_identification:_identify(.) by extensions ['cmake', 'python']
[1.208s] Level 1:colcon.colcon_core.package_identification:_identify(.) by extension 'cmake'
[1.208s] Level 1:colcon.colcon_core.package_identification:_identify(.) by extension 'python'
[1.208s] Level 1:colcon.colcon_core.package_identification:_identify(.) by extensions ['python_setup_py']
[1.208s] Level 1:colcon.colcon_core.package_identification:_identify(.) by extension 'python_setup_py'
[1.431s] DEBUG:colcon.colcon_core.package_identification:Package '.' with type 'python' and name 'manipulation_tasks'
[1.431s] Level 1:colcon.colcon_core.package_discovery:discover_packages(recursive) using defaults
[1.431s] Level 1:colcon.colcon_core.package_discovery:discover_packages(ignore) discover
[1.431s] Level 1:colcon.colcon_core.package_discovery:discover_packages(ignore) using defaults
[1.431s] Level 1:colcon.colcon_core.package_discovery:discover_packages(path) discover
[1.431s] Level 1:colcon.colcon_core.package_discovery:discover_packages(path) using defaults
[1.506s] Level 5:colcon.colcon_core.verb:set package 'manipulation_tasks' build argument 'cmake_args' from command line to 'None'
[1.506s] Level 5:colcon.colcon_core.verb:set package 'manipulation_tasks' build argument 'cmake_target' from command line to 'None'
[1.506s] Level 5:colcon.colcon_core.verb:set package 'manipulation_tasks' build argument 'cmake_target_skip_unavailable' from command line to 'False'
[1.506s] Level 5:colcon.colcon_core.verb:set package 'manipulation_tasks' build argument 'cmake_clean_cache' from command line to 'False'
[1.506s] Level 5:colcon.colcon_core.verb:set package 'manipulation_tasks' build argument 'cmake_clean_first' from command line to 'False'
[1.506s] Level 5:colcon.colcon_core.verb:set package 'manipulation_tasks' build argument 'cmake_force_configure' from command line to 'False'
[1.506s] Level 5:colcon.colcon_core.verb:set package 'manipulation_tasks' build argument 'ament_cmake_args' from command line to 'None'
[1.506s] Level 5:colcon.colcon_core.verb:set package 'manipulation_tasks' build argument 'catkin_cmake_args' from command line to 'None'
[1.506s] Level 5:colcon.colcon_core.verb:set package 'manipulation_tasks' build argument 'catkin_skip_building_tests' from command line to 'False'
[1.507s] DEBUG:colcon.colcon_core.verb:Building package 'manipulation_tasks' with the following arguments: {'ament_cmake_args': None, 'build_base': '/home/robot/ros_ws/src/r2e_demos/r2e_demos/build/manipulation_tasks', 'catkin_cmake_args': None, 'catkin_skip_building_tests': False, 'cmake_args': None, 'cmake_clean_cache': False, 'cmake_clean_first': False, 'cmake_force_configure': False, 'cmake_target': None, 'cmake_target_skip_unavailable': False, 'install_base': '/home/robot/ros_ws/src/r2e_demos/r2e_demos/install/manipulation_tasks', 'merge_install': False, 'path': '/home/robot/ros_ws/src/r2e_demos/r2e_demos', 'symlink_install': False, 'test_result_base': None}
[1.520s] INFO:colcon.colcon_core.executor:Executing jobs using 'parallel' executor
[1.534s] DEBUG:colcon.colcon_parallel_executor.executor.parallel:run_until_complete
[1.535s] INFO:colcon.colcon_core.task.python.build:Building Python package in '/home/robot/ros_ws/src/r2e_demos/r2e_demos'
[1.551s] INFO:colcon.colcon_core.plugin_system:Skipping extension 'colcon_core.shell.bat': Not used on non-Windows systems
[1.552s] INFO:colcon.colcon_core.shell:Skip shell extension 'powershell' for command environment: Not usable outside of PowerShell
[1.552s] DEBUG:colcon.colcon_core.shell:Skip shell extension 'dsv' for command environment
[2.287s] DEBUG:colcon.colcon_core.event_handler.log_command:Invoking command in '/home/robot/ros_ws/src/r2e_demos/r2e_demos': PYTHONPATH=/home/robot/ros_ws/src/r2e_demos/r2e_demos/build/manipulation_tasks/prefix_override:/home/robot/ros_ws/src/r2e_demos/r2e_demos/install/manipulation_tasks/lib/python3.10/site-packages:${PYTHONPATH} /usr/bin/python3 setup.py egg_info --egg-base build/manipulation_tasks build --build-base /home/robot/ros_ws/src/r2e_demos/r2e_demos/build/manipulation_tasks/build install --record /home/robot/ros_ws/src/r2e_demos/r2e_demos/build/manipulation_tasks/install.log --single-version-externally-managed
[2.655s] DEBUG:colcon.colcon_core.event_handler.log_command:Invoked command in '/home/robot/ros_ws/src/r2e_demos/r2e_demos' returned '0': PYTHONPATH=/home/robot/ros_ws/src/r2e_demos/r2e_demos/build/manipulation_tasks/prefix_override:/home/robot/ros_ws/src/r2e_demos/r2e_demos/install/manipulation_tasks/lib/python3.10/site-packages:${PYTHONPATH} /usr/bin/python3 setup.py egg_info --egg-base build/manipulation_tasks build --build-base /home/robot/ros_ws/src/r2e_demos/r2e_demos/build/manipulation_tasks/build install --record /home/robot/ros_ws/src/r2e_demos/r2e_demos/build/manipulation_tasks/install.log --single-version-externally-managed
[2.674s] Level 1:colcon.colcon_core.environment:checking '/home/robot/ros_ws/src/r2e_demos/r2e_demos/install/manipulation_tasks' for CMake module files
[2.675s] Level 1:colcon.colcon_core.environment:checking '/home/robot/ros_ws/src/r2e_demos/r2e_demos/install/manipulation_tasks' for CMake config files
[2.675s] Level 1:colcon.colcon_core.environment:checking '/home/robot/ros_ws/src/r2e_demos/r2e_demos/install/manipulation_tasks/lib'
[2.676s] Level 1:colcon.colcon_core.environment:checking '/home/robot/ros_ws/src/r2e_demos/r2e_demos/install/manipulation_tasks/bin'
[2.676s] Level 1:colcon.colcon_core.environment:checking '/home/robot/ros_ws/src/r2e_demos/r2e_demos/install/manipulation_tasks/lib/pkgconfig/manipulation_tasks.pc'
[2.676s] Level 1:colcon.colcon_core.environment:checking '/home/robot/ros_ws/src/r2e_demos/r2e_demos/install/manipulation_tasks/lib/python3.10/site-packages'
[2.676s] Level 1:colcon.colcon_core.shell:create_environment_hook('manipulation_tasks', 'pythonpath')
[2.691s] INFO:colcon.colcon_core.shell:Creating environment hook '/home/robot/ros_ws/src/r2e_demos/r2e_demos/install/manipulation_tasks/share/manipulation_tasks/hook/pythonpath.ps1'
[2.692s] INFO:colcon.colcon_core.shell:Creating environment descriptor '/home/robot/ros_ws/src/r2e_demos/r2e_demos/install/manipulation_tasks/share/manipulation_tasks/hook/pythonpath.dsv'
[2.692s] INFO:colcon.colcon_core.shell:Creating environment hook '/home/robot/ros_ws/src/r2e_demos/r2e_demos/install/manipulation_tasks/share/manipulation_tasks/hook/pythonpath.sh'
[2.693s] Level 1:colcon.colcon_core.environment:checking '/home/robot/ros_ws/src/r2e_demos/r2e_demos/install/manipulation_tasks/bin'
[2.693s] Level 1:colcon.colcon_core.environment:create_environment_scripts_only(manipulation_tasks)
[2.708s] INFO:colcon.colcon_core.shell:Creating package script '/home/robot/ros_ws/src/r2e_demos/r2e_demos/install/manipulation_tasks/share/manipulation_tasks/package.ps1'
[2.709s] INFO:colcon.colcon_core.shell:Creating package descriptor '/home/robot/ros_ws/src/r2e_demos/r2e_demos/install/manipulation_tasks/share/manipulation_tasks/package.dsv'
[2.710s] INFO:colcon.colcon_core.shell:Creating package script '/home/robot/ros_ws/src/r2e_demos/r2e_demos/install/manipulation_tasks/share/manipulation_tasks/package.sh'
[2.710s] INFO:colcon.colcon_core.shell:Creating package script '/home/robot/ros_ws/src/r2e_demos/r2e_demos/install/manipulation_tasks/share/manipulation_tasks/package.bash'
[2.711s] INFO:colcon.colcon_core.shell:Creating package script '/home/robot/ros_ws/src/r2e_demos/r2e_demos/install/manipulation_tasks/share/manipulation_tasks/package.zsh'
[2.711s] Level 1:colcon.colcon_core.environment:create_file_with_runtime_dependencies(/home/robot/ros_ws/src/r2e_demos/r2e_demos/install/manipulation_tasks/share/colcon-core/packages/manipulation_tasks)
[2.712s] DEBUG:colcon.colcon_parallel_executor.executor.parallel:closing loop
[2.712s] DEBUG:colcon.colcon_parallel_executor.executor.parallel:loop closed
[2.712s] DEBUG:colcon.colcon_parallel_executor.executor.parallel:run_until_complete finished with '0'
[2.713s] DEBUG:colcon.colcon_core.event_reactor:joining thread
[2.735s] INFO:colcon.colcon_core.plugin_system:Skipping extension 'colcon_notification.desktop_notification.notify_send': Could not find 'notify-send'
[2.735s] INFO:colcon.colcon_core.plugin_system:Skipping extension 'colcon_notification.desktop_notification.terminal_notifier': Not used on non-Darwin systems
[2.735s] INFO:colcon.colcon_core.plugin_system:Skipping extension 'colcon_notification.desktop_notification.win32': Not used on non-Windows systems
[2.735s] INFO:colcon.colcon_notification.desktop_notification:Sending desktop notification using 'notify2'
[2.738s] DEBUG:colcon.colcon_notification.desktop_notification.notify2:Failed to initialize notify2: org.freedesktop.DBus.Error.Spawn.ExecFailed: /usr/bin/dbus-launch terminated abnormally without any error message
[2.738s] DEBUG:colcon.colcon_core.event_reactor:joined thread
[2.756s] INFO:colcon.colcon_core.shell:Creating prefix script '/home/robot/ros_ws/src/r2e_demos/r2e_demos/install/local_setup.ps1'
[2.757s] INFO:colcon.colcon_core.shell:Creating prefix util module '/home/robot/ros_ws/src/r2e_demos/r2e_demos/install/_local_setup_util_ps1.py'
[2.759s] INFO:colcon.colcon_core.shell:Creating prefix chain script '/home/robot/ros_ws/src/r2e_demos/r2e_demos/install/setup.ps1'
[2.776s] INFO:colcon.colcon_core.shell:Creating prefix script '/home/robot/ros_ws/src/r2e_demos/r2e_demos/install/local_setup.sh'
[2.776s] INFO:colcon.colcon_core.shell:Creating prefix util module '/home/robot/ros_ws/src/r2e_demos/r2e_demos/install/_local_setup_util_sh.py'
[2.777s] INFO:colcon.colcon_core.shell:Creating prefix chain script '/home/robot/ros_ws/src/r2e_demos/r2e_demos/install/setup.sh'
[2.794s] INFO:colcon.colcon_core.shell:Creating prefix script '/home/robot/ros_ws/src/r2e_demos/r2e_demos/install/local_setup.bash'
[2.795s] INFO:colcon.colcon_core.shell:Creating prefix chain script '/home/robot/ros_ws/src/r2e_demos/r2e_demos/install/setup.bash'
[2.812s] INFO:colcon.colcon_core.shell:Creating prefix script '/home/robot/ros_ws/src/r2e_demos/r2e_demos/install/local_setup.zsh'
[2.812s] INFO:colcon.colcon_core.shell:Creating prefix chain script '/home/robot/ros_ws/src/r2e_demos/r2e_demos/install/setup.zsh'
