[0.643s] Invoking command in '/home/robot/ros_ws/src/r2e_demos/r2e_demos': PYTHONPATH=/home/robot/ros_ws/src/r2e_demos/r2e_demos/build/manipulation_tasks/prefix_override:/home/robot/ros_ws/src/r2e_demos/r2e_demos/install/manipulation_tasks/lib/python3.10/site-packages:${PYTHONPATH} /usr/bin/python3 setup.py egg_info --egg-base build/manipulation_tasks build --build-base /home/robot/ros_ws/src/r2e_demos/r2e_demos/build/manipulation_tasks/build install --record /home/robot/ros_ws/src/r2e_demos/r2e_demos/build/manipulation_tasks/install.log --single-version-externally-managed
[0.855s] running egg_info
[0.856s] writing build/manipulation_tasks/manipulation_tasks.egg-info/PKG-INFO
[0.856s] writing dependency_links to build/manipulation_tasks/manipulation_tasks.egg-info/dependency_links.txt
[0.856s] writing requirements to build/manipulation_tasks/manipulation_tasks.egg-info/requires.txt
[0.856s] writing top-level names to build/manipulation_tasks/manipulation_tasks.egg-info/top_level.txt
[0.859s] reading manifest file 'build/manipulation_tasks/manipulation_tasks.egg-info/SOURCES.txt'
[0.860s] writing manifest file 'build/manipulation_tasks/manipulation_tasks.egg-info/SOURCES.txt'
[0.860s] running build
[0.860s] running build_py
[0.862s] running install
[0.862s] /usr/lib/python3/dist-packages/setuptools/command/install.py:34: SetuptoolsDeprecationWarning: setup.py install is deprecated. Use build and pip and other standards-based tools.
[0.862s]   warnings.warn(
[0.862s] running install_lib
[0.865s] running install_egg_info
[0.867s] removing '/home/robot/ros_ws/src/r2e_demos/r2e_demos/install/manipulation_tasks/lib/python3.10/site-packages/manipulation_tasks-0.1.0-py3.10.egg-info' (and everything under it)
[0.867s] Copying build/manipulation_tasks/manipulation_tasks.egg-info to /home/robot/ros_ws/src/r2e_demos/r2e_demos/install/manipulation_tasks/lib/python3.10/site-packages/manipulation_tasks-0.1.0-py3.10.egg-info
[0.867s] running install_scripts
[0.888s] writing list of installed files to '/home/robot/ros_ws/src/r2e_demos/r2e_demos/build/manipulation_tasks/install.log'
[0.914s] Invoked command in '/home/robot/ros_ws/src/r2e_demos/r2e_demos' returned '0': PYTHONPATH=/home/robot/ros_ws/src/r2e_demos/r2e_demos/build/manipulation_tasks/prefix_override:/home/robot/ros_ws/src/r2e_demos/r2e_demos/install/manipulation_tasks/lib/python3.10/site-packages:${PYTHONPATH} /usr/bin/python3 setup.py egg_info --egg-base build/manipulation_tasks build --build-base /home/robot/ros_ws/src/r2e_demos/r2e_demos/build/manipulation_tasks/build install --record /home/robot/ros_ws/src/r2e_demos/r2e_demos/build/manipulation_tasks/install.log --single-version-externally-managed
